ptxas info    : 0 bytes gmem
ptxas info    : Compiling entry function '_Z26search_kernel_optimized_v2PKcxS0_iPiS1_' for 'sm_75'
ptxas info    : Function properties for _Z26search_kernel_optimized_v2PKcxS0_iPiS1_
    0 bytes stack frame, 0 bytes spill stores, 0 bytes spill loads
ptxas info    : Used 13 registers, used 1 barriers, 32 bytes smem, 400 bytes cmem[0]
ptxas info    : Compile time = 4.503 ms
/usr/bin/ld: /tmp/tmpxft_00011a39_00000000-11_full_pi_search_enhanced.o: en la función `search_kernel_optimized_v2(char const*, long long, char const*, int, int*, int*)':
tmpxft_00011a39_00000000-6_full_pi_search_enhanced.cudafe1.cpp:(.text+0xc8): referencia a `__cxa_guard_acquire' sin definir
/usr/bin/ld: tmpxft_00011a39_00000000-6_full_pi_search_enhanced.cudafe1.cpp:(.text+0x180): referencia a `__cxa_guard_release' sin definir
/usr/bin/ld: /tmp/tmpxft_00011a39_00000000-11_full_pi_search_enhanced.o: en la función `__device_stub__Z26search_kernel_optimized_v2PKcxS0_iPiS1_(char const*, long long, char const*, int, int*, int*)':
tmpxft_00011a39_00000000-6_full_pi_search_enhanced.cudafe1.cpp:(.text+0x1028): referencia a `__cxa_guard_acquire' sin definir
/usr/bin/ld: tmpxft_00011a39_00000000-6_full_pi_search_enhanced.cudafe1.cpp:(.text+0x10e0): referencia a `__cxa_guard_release' sin definir
/usr/bin/ld: /tmp/tmpxft_00011a39_00000000-11_full_pi_search_enhanced.o: en la función `search_kernel_optimized_v2(char const*, long long, char const*, int, int*, int*) [clone .cold]':
tmpxft_00011a39_00000000-6_full_pi_search_enhanced.cudafe1.cpp:(.text.unlikely+0x9): referencia a `__cxa_guard_abort' sin definir
/usr/bin/ld: /tmp/tmpxft_00011a39_00000000-11_full_pi_search_enhanced.o: en la función `__device_stub__Z26search_kernel_optimized_v2PKcxS0_iPiS1_(char const*, long long, char const*, int, int*, int*) [clone .cold]':
tmpxft_00011a39_00000000-6_full_pi_search_enhanced.cudafe1.cpp:(.text.unlikely+0x3c): referencia a `__cxa_guard_abort' sin definir
/usr/bin/ld: /tmp/tmpxft_00011a39_00000000-11_full_pi_search_enhanced.o:(.eh_frame+0x3f): referencia a `__gxx_personality_v0' sin definir
collect2: error: ld devolvió el estado de salida 1
/usr/bin/ld: /tmp/tmpxft_00011a50_00000000-11_search_kernel.o: en la función `__device_stub__Z19search_kernel_basicPKciS0_iPiS1_(char const*, int, char const*, int, int*, int*)':
tmpxft_00011a50_00000000-6_search_kernel.cudafe1.cpp:(.text+0x117): referencia a `__cxa_guard_acquire' sin definir
/usr/bin/ld: tmpxft_00011a50_00000000-6_search_kernel.cudafe1.cpp:(.text+0x1d0): referencia a `__cxa_guard_release' sin definir
/usr/bin/ld: /tmp/tmpxft_00011a50_00000000-11_search_kernel.o: en la función `__device_stub__Z19search_kernel_basicPKciS0_iPiS1_(char const*, int, char const*, int, int*, int*) [clone .cold]':
tmpxft_00011a50_00000000-6_search_kernel.cudafe1.cpp:(.text.unlikely+0x9): referencia a `__cxa_guard_abort' sin definir
/usr/bin/ld: /tmp/tmpxft_00011a50_00000000-11_search_kernel.o:(.eh_frame+0x6f): referencia a `__gxx_personality_v0' sin definir
collect2: error: ld devolvió el estado de salida 1
